<?xml version="1.0" encoding="UTF-8"?>
<!-- Generated by org.testng.reporters.JUnitXMLReporter -->
<testsuite hostname="LAPTOP-E8V8CURT" ignored="0" name="Test" tests="2" failures="1" timestamp="2021-06-03T19:47:26 EDT" time="12.901" errors="0">
  <testcase name="test" time="6.458" classname="test.RemoteTest">
    <failure type="java.lang.AssertionError" message="expected [true] but found [false]">
      <![CDATA[java.lang.AssertionError: expected [true] but found [false]
at test.RemoteTest.test(RemoteTest.java:47)
at java.util.ArrayList.forEach(Unknown Source)
... Removed 31 stack frames]]>
    </failure>
  </testcase> <!-- test -->
  <testcase name="test" time="5.787" classname="test.SampleTest"/>
</testsuite> <!-- Test -->
