<?xml version="1.0" encoding="UTF-8"?>
<testng-results skipped="0" failed="0" ignored="0" total="3" passed="3">
  <reporter-output>
  </reporter-output>
  <suite name="Surefire suite" duration-ms="16277" started-at="2021-06-03T22:09:47 EDT" finished-at="2021-06-03T22:10:03 EDT">
    <groups>
    </groups>
    <test name="Surefire test" duration-ms="16277" started-at="2021-06-03T22:09:47 EDT" finished-at="2021-06-03T22:10:03 EDT">
      <class name="test.SampleTest">
        <test-method status="PASS" signature="beforeTest()[pri:0, instance:test.SampleTest@369f73a2]" name="beforeTest" is-config="true" duration-ms="20" started-at="2021-06-03T22:09:47 EDT" finished-at="2021-06-03T22:09:47 EDT">
          <reporter-output>
          </reporter-output>
        </test-method> <!-- beforeTest -->
        <test-method status="PASS" signature="test()[pri:0, instance:test.SampleTest@369f73a2]" name="test" duration-ms="6238" started-at="2021-06-03T22:09:56 EDT" finished-at="2021-06-03T22:10:02 EDT">
          <reporter-output>
          </reporter-output>
        </test-method> <!-- test -->
        <test-method status="PASS" signature="repoOne()[pri:0, instance:test.SampleTest@369f73a2]" name="repoOne" duration-ms="0" started-at="2021-06-03T22:09:56 EDT" finished-at="2021-06-03T22:09:56 EDT">
          <reporter-output>
          </reporter-output>
        </test-method> <!-- repoOne -->
        <test-method status="PASS" signature="afterTest()[pri:0, instance:test.SampleTest@369f73a2]" name="afterTest" is-config="true" duration-ms="615" started-at="2021-06-03T22:10:02 EDT" finished-at="2021-06-03T22:10:03 EDT">
          <reporter-output>
          </reporter-output>
        </test-method> <!-- afterTest -->
      </class> <!-- test.SampleTest -->
      <class name="test.RemoteTest">
        <test-method status="PASS" signature="test()[pri:0, instance:test.RemoteTest@1f28c152]" name="test" duration-ms="9375" started-at="2021-06-03T22:09:47 EDT" finished-at="2021-06-03T22:09:56 EDT">
          <reporter-output>
          </reporter-output>
        </test-method> <!-- test -->
      </class> <!-- test.RemoteTest -->
    </test> <!-- Surefire test -->
  </suite> <!-- Surefire suite -->
</testng-results>
