<?xml version="1.0" encoding="UTF-8"?>
<testng-results skipped="0" failed="1" ignored="0" total="3" passed="2">
  <reporter-output>
  </reporter-output>
  <suite name="Suite" duration-ms="31274" started-at="2021-06-07T11:48:04 EDT" finished-at="2021-06-07T11:48:35 EDT">
    <groups>
    </groups>
    <test name="TestSelenium" duration-ms="31274" started-at="2021-06-07T11:48:04 EDT" finished-at="2021-06-07T11:48:35 EDT">
      <class name="test.SampleTest">
        <test-method status="PASS" signature="beforeTest()[pri:0, instance:test.SampleTest@365c30cc]" name="beforeTest" is-config="true" duration-ms="50" started-at="2021-06-07T11:48:04 EDT" finished-at="2021-06-07T11:48:04 EDT">
          <reporter-output>
          </reporter-output>
        </test-method> <!-- beforeTest -->
        <test-method status="FAIL" signature="repoOne()[pri:0, instance:test.SampleTest@365c30cc]" name="repoOne" duration-ms="438" started-at="2021-06-07T11:48:17 EDT" finished-at="2021-06-07T11:48:17 EDT">
          <exception class="junit.framework.AssertionFailedError">
            <full-stacktrace>
              <![CDATA[junit.framework.AssertionFailedError
at junit.framework.Assert.fail(Assert.java:48)
at junit.framework.Assert.assertTrue(Assert.java:20)
at junit.framework.Assert.assertTrue(Assert.java:27)
at test.SampleTest.repoOne(SampleTest.java:63)
at sun.reflect.NativeMethodAccessorImpl.invoke0(Native Method)
at sun.reflect.NativeMethodAccessorImpl.invoke(Unknown Source)
at sun.reflect.DelegatingMethodAccessorImpl.invoke(Unknown Source)
at java.lang.reflect.Method.invoke(Unknown Source)
at org.testng.internal.MethodInvocationHelper.invokeMethod(MethodInvocationHelper.java:134)
at org.testng.internal.TestInvoker.invokeMethod(TestInvoker.java:597)
at org.testng.internal.TestInvoker.invokeTestMethod(TestInvoker.java:173)
at org.testng.internal.MethodRunner.runInSequence(MethodRunner.java:46)
at org.testng.internal.TestInvoker$MethodInvocationAgent.invoke(TestInvoker.java:816)
at org.testng.internal.TestInvoker.invokeTestMethods(TestInvoker.java:146)
at org.testng.internal.TestMethodWorker.invokeTestMethods(TestMethodWorker.java:146)
at org.testng.internal.TestMethodWorker.run(TestMethodWorker.java:128)
at java.util.ArrayList.forEach(Unknown Source)
at org.testng.TestRunner.privateRun(TestRunner.java:766)
at org.testng.TestRunner.run(TestRunner.java:587)
at org.testng.SuiteRunner.runTest(SuiteRunner.java:384)
at org.testng.SuiteRunner.runSequentially(SuiteRunner.java:378)
at org.testng.SuiteRunner.privateRun(SuiteRunner.java:337)
at org.testng.SuiteRunner.run(SuiteRunner.java:286)
at org.testng.SuiteRunnerWorker.runSuite(SuiteRunnerWorker.java:53)
at org.testng.SuiteRunnerWorker.run(SuiteRunnerWorker.java:96)
at org.testng.TestNG.runSuitesSequentially(TestNG.java:1187)
at org.testng.TestNG.runSuitesLocally(TestNG.java:1109)
at org.testng.TestNG.runSuites(TestNG.java:1039)
at org.testng.TestNG.run(TestNG.java:1007)
at org.testng.remote.AbstractRemoteTestNG.run(AbstractRemoteTestNG.java:115)
at org.testng.remote.RemoteTestNG.initAndRun(RemoteTestNG.java:251)
at org.testng.remote.RemoteTestNG.main(RemoteTestNG.java:77)
]]>
            </full-stacktrace>
          </exception> <!-- junit.framework.AssertionFailedError -->
          <reporter-output>
          </reporter-output>
        </test-method> <!-- repoOne -->
        <test-method status="PASS" signature="test1()[pri:0, instance:test.SampleTest@365c30cc]" name="test1" duration-ms="13275" started-at="2021-06-07T11:48:17 EDT" finished-at="2021-06-07T11:48:30 EDT">
          <reporter-output>
          </reporter-output>
        </test-method> <!-- test1 -->
        <test-method status="PASS" signature="afterTest()[pri:0, instance:test.SampleTest@365c30cc]" name="afterTest" is-config="true" duration-ms="4866" started-at="2021-06-07T11:48:30 EDT" finished-at="2021-06-07T11:48:35 EDT">
          <reporter-output>
          </reporter-output>
        </test-method> <!-- afterTest -->
      </class> <!-- test.SampleTest -->
      <class name="test.RemoteTest">
        <test-method status="PASS" signature="test2()[pri:0, instance:test.RemoteTest@701fc37a]" name="test2" duration-ms="12478" started-at="2021-06-07T11:48:04 EDT" finished-at="2021-06-07T11:48:16 EDT">
          <reporter-output>
          </reporter-output>
        </test-method> <!-- test2 -->
      </class> <!-- test.RemoteTest -->
    </test> <!-- TestSelenium -->
  </suite> <!-- Suite -->
</testng-results>
